<?xml version="1.0" encoding="UTF-8"?>
<!-- Generated by org.testng.reporters.JUnitReportReporter -->
<testsuite skipped="0" hostname="DESKTOP-JHU21LN" name="FillRacks.pharma.ecommerce_tc_4" tests="1" failures="0" timestamp="16 Feb 2020 09:49:00 GMT" time="41.777" errors="0">
  <testcase name="totalValidation" time="41.777" classname="FillRacks.pharma.ecommerce_tc_4"/>
</testsuite> <!-- FillRacks.pharma.ecommerce_tc_4 -->
